<?xml version="1.0" encoding="UTF-8"?>
<testng-results ignored="0" total="1" passed="1" failed="0" skipped="0">
  <reporter-output>
    <line>
      <![CDATA[Openng Amazon]]>
    </line>
  </reporter-output>
  <suite started-at="2023-07-25T21:09:47 IST" name="Default suite" finished-at="2023-07-25T21:12:25 IST" duration-ms="157997">
    <groups>
    </groups>
    <test started-at="2023-07-25T21:09:47 IST" name="Default test" finished-at="2023-07-25T21:12:25 IST" duration-ms="157997">
      <class name="eCommerceProject.AmazonTest">
        <test-method signature="Amazon()[pri:0, instance:eCommerceProject.AmazonTest@dd8ba08]" started-at="2023-07-25T21:09:48 IST" name="Amazon" finished-at="2023-07-25T21:12:25 IST" duration-ms="157803" status="PASS">
          <reporter-output>
            <line>
              <![CDATA[Openng Amazon]]>
            </line>
          </reporter-output>
        </test-method> <!-- Amazon -->
      </class> <!-- eCommerceProject.AmazonTest -->
    </test> <!-- Default test -->
  </suite> <!-- Default suite -->
</testng-results>
